[debug] [2026-06-26T04:03:46.605Z] ----------------------------------------------------------------------
[debug] [2026-06-26T04:03:46.608Z] Command:       C:\Program Files\nodejs\node.exe C:\Users\acer\AppData\Roaming\npm\node_modules\firebase-tools\lib\bin\firebase.js apps:list ANDROID --project lunchbox-b660d
[debug] [2026-06-26T04:03:46.608Z] CLI Version:   15.22.0
[debug] [2026-06-26T04:03:46.608Z] Platform:      win32
[debug] [2026-06-26T04:03:46.608Z] Node Version:  v24.15.0
[debug] [2026-06-26T04:03:46.609Z] Detected Agent: cursor
[debug] [2026-06-26T04:03:46.609Z] Time:          Fri Jun 26 2026 09:33:46 GMT+0530 (India Standard Time)
[debug] [2026-06-26T04:03:46.609Z] ----------------------------------------------------------------------
[debug] 
[debug] [2026-06-26T04:03:47.094Z] > command requires scopes: ["email","openid","https://www.googleapis.com/auth/cloudplatformprojects.readonly","https://www.googleapis.com/auth/firebase","https://www.googleapis.com/auth/cloud-platform"]
[debug] [2026-06-26T04:03:47.095Z] > authorizing via signed-in user (ruthrafinancesolution@gmail.com)
[debug] [2026-06-26T04:03:47.099Z] Checked if tokens are valid: false, expires at: 1782381900136
[debug] [2026-06-26T04:03:47.100Z] Checked if tokens are valid: false, expires at: 1782381900136
[debug] [2026-06-26T04:03:47.100Z] > refreshing access token with scopes: []
[debug] [2026-06-26T04:03:47.104Z] >>> [apiv2][query] POST https://www.googleapis.com/oauth2/v3/token [none]
[debug] [2026-06-26T04:03:47.104Z] >>> [apiv2][body] POST https://www.googleapis.com/oauth2/v3/token [omitted]
[debug] [2026-06-26T04:03:47.355Z] <<< [apiv2][status] POST https://www.googleapis.com/oauth2/v3/token 200
[debug] [2026-06-26T04:03:47.355Z] <<< [apiv2][body] POST https://www.googleapis.com/oauth2/v3/token [omitted]
[debug] [2026-06-26T04:03:47.387Z] >>> [apiv2][query] GET https://firebase.googleapis.com/v1beta1/projects/lunchbox-b660d/androidApps pageSize=100
[debug] [2026-06-26T04:03:48.023Z] <<< [apiv2][status] GET https://firebase.googleapis.com/v1beta1/projects/lunchbox-b660d/androidApps 403
[debug] [2026-06-26T04:03:48.023Z] <<< [apiv2][body] GET https://firebase.googleapis.com/v1beta1/projects/lunchbox-b660d/androidApps {"error":{"code":403,"message":"The caller does not have permission","status":"PERMISSION_DENIED"}}
[debug] [2026-06-26T04:03:48.024Z] Request to https://firebase.googleapis.com/v1beta1/projects/lunchbox-b660d/androidApps?pageSize=100 had HTTP Error: 403, The caller does not have permission
[debug] [2026-06-26T04:03:48.262Z] FirebaseError: Request to https://firebase.googleapis.com/v1beta1/projects/lunchbox-b660d/androidApps?pageSize=100 had HTTP Error: 403, The caller does not have permission
    at responseToError (C:\Users\acer\AppData\Roaming\npm\node_modules\firebase-tools\lib\responseToError.js:53:12)
    at RetryOperation._fn (C:\Users\acer\AppData\Roaming\npm\node_modules\firebase-tools\lib\apiv2.js:333:77)
    at process.processTicksAndRejections (node:internal/process/task_queues:104:5)
[error] 
[error] Error: Failed to list Firebase ANDROID apps. See firebase-debug.log for more info.
[debug] [2026-06-26T04:14:10.256Z] ----------------------------------------------------------------------
[debug] [2026-06-26T04:14:10.259Z] Command:       C:\Program Files\nodejs\node.exe C:\Users\acer\AppData\Roaming\npm\node_modules\firebase-tools\lib\bin\firebase.js apps:sdkconfig ANDROID --project lunchbox-b660d
[debug] [2026-06-26T04:14:10.260Z] CLI Version:   15.22.0
[debug] [2026-06-26T04:14:10.260Z] Platform:      win32
[debug] [2026-06-26T04:14:10.260Z] Node Version:  v24.15.0
[debug] [2026-06-26T04:14:10.260Z] Detected Agent: cursor
[debug] [2026-06-26T04:14:10.260Z] Time:          Fri Jun 26 2026 09:44:10 GMT+0530 (India Standard Time)
[debug] [2026-06-26T04:14:10.260Z] ----------------------------------------------------------------------
[debug] 
[debug] [2026-06-26T04:14:10.582Z] > command requires scopes: ["email","openid","https://www.googleapis.com/auth/cloudplatformprojects.readonly","https://www.googleapis.com/auth/firebase","https://www.googleapis.com/auth/cloud-platform"]
[debug] [2026-06-26T04:14:10.583Z] > authorizing via signed-in user (ruthrafinancesolution@gmail.com)
[debug] [2026-06-26T04:14:10.586Z] Checked if tokens are valid: true, expires at: 1782450226355
[debug] [2026-06-26T04:14:10.586Z] Checked if tokens are valid: true, expires at: 1782450226355
[debug] [2026-06-26T04:14:10.588Z] >>> [apiv2][query] GET https://firebase.googleapis.com/v1beta1/projects/lunchbox-b660d/androidApps pageSize=100
[debug] [2026-06-26T04:14:11.177Z] <<< [apiv2][status] GET https://firebase.googleapis.com/v1beta1/projects/lunchbox-b660d/androidApps 403
[debug] [2026-06-26T04:14:11.178Z] <<< [apiv2][body] GET https://firebase.googleapis.com/v1beta1/projects/lunchbox-b660d/androidApps {"error":{"code":403,"message":"The caller does not have permission","status":"PERMISSION_DENIED"}}
[debug] [2026-06-26T04:14:11.178Z] Request to https://firebase.googleapis.com/v1beta1/projects/lunchbox-b660d/androidApps?pageSize=100 had HTTP Error: 403, The caller does not have permission
[debug] [2026-06-26T04:14:11.398Z] FirebaseError: Request to https://firebase.googleapis.com/v1beta1/projects/lunchbox-b660d/androidApps?pageSize=100 had HTTP Error: 403, The caller does not have permission
    at responseToError (C:\Users\acer\AppData\Roaming\npm\node_modules\firebase-tools\lib\responseToError.js:53:12)
    at RetryOperation._fn (C:\Users\acer\AppData\Roaming\npm\node_modules\firebase-tools\lib\apiv2.js:333:77)
    at process.processTicksAndRejections (node:internal/process/task_queues:104:5)
[error] 
[error] Error: Failed to list Firebase ANDROID apps. See firebase-debug.log for more info.
